C:\Program Files\Microsoft Visual Studio\2022\Community\MSBuild\Microsoft\VC\v170\Microsoft.CppBuild.targets(514,5): warning MSB8028: The intermediate directory (obj\x64\Debug\game-premake\) contains files shared from another project (game-premake.vcxproj).  This can lead to incorrect clean and rebuild behavior.
  main.cpp
C:\Users\Misho\Downloads\Logic games project\Indigo\_build\main.cpp(51,29): warning C4244: 'argument': conversion from 'const float' to 'int', possible loss of data
C:\Users\Misho\Downloads\Logic games project\Indigo\_build\main.cpp(51,16): warning C4244: 'argument': conversion from 'const float' to 'int', possible loss of data
C:\Users\Misho\Downloads\Logic games project\Indigo\_build\main.cpp(82,15): warning C4244: 'argument': conversion from 'time_t' to 'unsigned int', possible loss of data
C:\Users\Misho\Downloads\Logic games project\Indigo\_build\main.cpp(158,107): warning C4244: 'argument': conversion from 'float' to 'int', possible loss of data
C:\Users\Misho\Downloads\Logic games project\Indigo\_build\main.cpp(158,64): warning C4244: 'argument': conversion from 'float' to 'int', possible loss of data
C:\Users\Misho\Downloads\Logic games project\Indigo\_build\main.cpp(164,109): warning C4244: 'argument': conversion from 'float' to 'int', possible loss of data
C:\Users\Misho\Downloads\Logic games project\Indigo\_build\main.cpp(164,66): warning C4244: 'argument': conversion from 'float' to 'int', possible loss of data
C:\Users\Misho\Downloads\Logic games project\Indigo\_build\main.cpp(167,109): warning C4244: 'argument': conversion from 'float' to 'int', possible loss of data
C:\Users\Misho\Downloads\Logic games project\Indigo\_build\main.cpp(167,66): warning C4244: 'argument': conversion from 'float' to 'int', possible loss of data
C:\Users\Misho\Downloads\Logic games project\Indigo\_build\main.cpp(170,110): warning C4244: 'argument': conversion from 'float' to 'int', possible loss of data
C:\Users\Misho\Downloads\Logic games project\Indigo\_build\main.cpp(170,67): warning C4244: 'argument': conversion from 'float' to 'int', possible loss of data
C:\Users\Misho\Downloads\Logic games project\Indigo\_build\main.cpp(173,110): warning C4244: 'argument': conversion from 'float' to 'int', possible loss of data
C:\Users\Misho\Downloads\Logic games project\Indigo\_build\main.cpp(173,67): warning C4244: 'argument': conversion from 'float' to 'int', possible loss of data
C:\Users\Misho\Downloads\Logic games project\Indigo\_build\main.cpp(176,110): warning C4244: 'argument': conversion from 'float' to 'int', possible loss of data
C:\Users\Misho\Downloads\Logic games project\Indigo\_build\main.cpp(176,67): warning C4244: 'argument': conversion from 'float' to 'int', possible loss of data
C:\Users\Misho\Downloads\Logic games project\Indigo\_build\main.cpp(179,110): warning C4244: 'argument': conversion from 'float' to 'int', possible loss of data
C:\Users\Misho\Downloads\Logic games project\Indigo\_build\main.cpp(179,67): warning C4244: 'argument': conversion from 'float' to 'int', possible loss of data
  game-premake.vcxproj -> C:\Users\Misho\Downloads\Logic games project\Indigo\_bin\Debug\game-premake.exe
